<?xml version="1.0" encoding="UTF-8"?>
<testng-results ignored="0" total="1" passed="1" failed="0" skipped="0">
  <reporter-output>
  </reporter-output>
  <suite started-at="2024-03-13T15:46:23 IST" name="Default suite" finished-at="2024-03-13T15:46:29 IST" duration-ms="5781">
    <groups>
    </groups>
    <test started-at="2024-03-13T15:46:23 IST" name="Default test" finished-at="2024-03-13T15:46:29 IST" duration-ms="5781">
      <class name="Parameters.before_after">
        <test-method is-config="true" signature="extentLaunch()[pri:0, instance:Parameters.before_after@1ca3b418]" started-at="2024-03-13T15:46:23 IST" name="extentLaunch" finished-at="2024-03-13T15:46:23 IST" duration-ms="250" status="PASS">
          <reporter-output>
          </reporter-output>
        </test-method> <!-- extentLaunch -->
        <test-method signature="login()[pri:0, instance:Parameters.before_after@1ca3b418]" started-at="2024-03-13T15:46:23 IST" name="login" finished-at="2024-03-13T15:46:29 IST" duration-ms="5751" status="PASS">
          <reporter-output>
          </reporter-output>
        </test-method> <!-- login -->
        <test-method is-config="true" signature="finOper()[pri:0, instance:Parameters.before_after@1ca3b418]" started-at="2024-03-13T15:46:29 IST" name="finOper" finished-at="2024-03-13T15:46:29 IST" duration-ms="478" status="PASS">
          <reporter-output>
          </reporter-output>
        </test-method> <!-- finOper -->
      </class> <!-- Parameters.before_after -->
    </test> <!-- Default test -->
  </suite> <!-- Default suite -->
</testng-results>
